used unit_price>0: { mn: '2025-08-14', mx: '2026-06-05', n: '91' }
в”Ңв”Җв”Җв”Җв”Җв”Җв”Җв”Җв”Җв”Җв”¬в”Җв”Җв”Җв”Җв”Җв”Җв”Җв”Җв”Җв”Җв”Җв”¬в”Җв”Җв”Җв”Җв”Җв”Җв”¬в”Җв”Җв”Җв”Җв”Җв”Җв”Җв”Җв”Җв”Җв”Җв”Җв”җ
в”Ӯ (index) в”Ӯ ym        в”Ӯ n    в”Ӯ rev        в”Ӯ
в”ңв”Җв”Җв”Җв”Җв”Җв”Җв”Җв”Җв”Җв”јв”Җв”Җв”Җв”Җв”Җв”Җв”Җв”Җв”Җв”Җв”Җв”јв”Җв”Җв”Җв”Җв”Җв”Җв”јв”Җв”Җв”Җв”Җв”Җв”Җв”Җв”Җв”Җв”Җв”Җв”Җв”Ө
в”Ӯ 0       в”Ӯ '2025-08' в”Ӯ '2'  в”Ӯ '560000'   в”Ӯ
в”Ӯ 1       в”Ӯ '2025-09' в”Ӯ '3'  в”Ӯ '670000'   в”Ӯ
в”Ӯ 2       в”Ӯ '2025-10' в”Ӯ '2'  в”Ӯ '410000'   в”Ӯ
в”Ӯ 3       в”Ӯ '2025-11' в”Ӯ '3'  в”Ӯ '670000'   в”Ӯ
в”Ӯ 4       в”Ӯ '2025-12' в”Ӯ '4'  в”Ӯ '970000'   в”Ӯ
в”Ӯ 5       в”Ӯ '2026-01' в”Ӯ '5'  в”Ӯ '1270000'  в”Ӯ
в”Ӯ 6       в”Ӯ '2026-02' в”Ӯ '4'  в”Ӯ '1160000'  в”Ӯ
в”Ӯ 7       в”Ӯ '2026-03' в”Ӯ '6'  в”Ӯ '1570000'  в”Ӯ
в”Ӯ 8       в”Ӯ '2026-04' в”Ӯ '5'  в”Ӯ '1320000'  в”Ӯ
в”Ӯ 9       в”Ӯ '2026-05' в”Ӯ '48' в”Ӯ '10250000' в”Ӯ
в”Ӯ 10      в”Ӯ '2026-06' в”Ӯ '9'  в”Ӯ '2300000'  в”Ӯ
в””в”Җв”Җв”Җв”Җв”Җв”Җв”Җв”Җв”Җв”ҙв”Җв”Җв”Җв”Җв”Җв”Җв”Җв”Җв”Җв”Җв”Җв”ҙв”Җв”Җв”Җв”Җв”Җв”Җв”ҙв”Җв”Җв”Җв”Җв”Җв”Җв”Җв”Җв”Җв”Җв”Җв”Җв”ҳ
в”Ңв”Җв”Җв”Җв”Җв”Җв”Җв”Җв”Җв”Җв”¬в”Җв”Җв”Җв”Җв”Җв”Җв”Җв”Җв”Җв”Җв”Җв”Җв”Җв”Җв”Җв”Җв”Җв”Җв”Җв”Җв”Җв”Җв”Җв”Җв”Җв”Җв”Җв”Җв”Җв”Җв”Җв”Җв”Җв”Җв”Җв”Җв”Җв”Җв”Җв”Җв”¬в”Җв”Җв”Җв”Җв”Җв”Җв”¬в”Җв”Җв”Җв”Җв”Җв”Җв”Җв”Җв”Җв”Җв”Җв”җ
в”Ӯ (index) в”Ӯ performed_by                           в”Ӯ n    в”Ӯ rev       в”Ӯ
в”ңв”Җв”Җв”Җв”Җв”Җв”Җв”Җв”Җв”Җв”јв”Җв”Җв”Җв”Җв”Җв”Җв”Җв”Җв”Җв”Җв”Җв”Җв”Җв”Җв”Җв”Җв”Җв”Җв”Җв”Җв”Җв”Җв”Җв”Җв”Җв”Җв”Җв”Җв”Җв”Җв”Җв”Җв”Җв”Җв”Җв”Җв”Җв”Җв”Җв”Җв”јв”Җв”Җв”Җв”Җв”Җв”Җв”јв”Җв”Җв”Җв”Җв”Җв”Җв”Җв”Җв”Җв”Җв”Җв”Ө
в”Ӯ 0       в”Ӯ null                                   в”Ӯ '36' в”Ӯ '9010000' в”Ӯ
в”Ӯ 1       в”Ӯ 'e01d9c38-4748-4119-9071-5a233decf5aa' в”Ӯ '22' в”Ӯ '4500000' в”Ӯ
в”Ӯ 2       в”Ӯ '3a0c6774-2bd9-4018-bb38-ef6fab75d04b' в”Ӯ '10' в”Ӯ '2680000' в”Ӯ
в”Ӯ 3       в”Ӯ '7c24cd3b-8e52-4c72-9652-e14f75151514' в”Ӯ '5'  в”Ӯ '1280000' в”Ӯ
в”Ӯ 4       в”Ӯ '6df79a63-6812-4a02-b9d4-19d6c1b6ca2c' в”Ӯ '5'  в”Ӯ '820000'  в”Ӯ
в”Ӯ 5       в”Ӯ 'e20483bc-6b24-46b4-99c5-be150165a18b' в”Ӯ '3'  в”Ӯ '800000'  в”Ӯ
в”Ӯ 6       в”Ӯ '7d2747cc-f669-43c5-b611-806808b5dfb0' в”Ӯ '3'  в”Ӯ '780000'  в”Ӯ
в”Ӯ 7       в”Ӯ '8d244cee-3a7c-4220-8e1c-43e03c8e505a' в”Ӯ '4'  в”Ӯ '730000'  в”Ӯ
в””в”Җв”Җв”Җв”Җв”Җв”Җв”Җв”Җв”Җв”ҙв”Җв”Җв”Җв”Җв”Җв”Җв”Җв”Җв”Җв”Җв”Җв”Җв”Җв”Җв”Җв”Җв”Җв”Җв”Җв”Җв”Җв”Җв”Җв”Җв”Җв”Җв”Җв”Җв”Җв”Җв”Җв”Җв”Җв”Җв”Җв”Җв”Җв”Җв”Җв”Җв”ҙв”Җв”Җв”Җв”Җв”Җв”Җв”ҙв”Җв”Җв”Җв”Җв”Җв”Җв”Җв”Җв”Җв”Җв”Җв”ҳ
